<?xml version="1.0" encoding="UTF-8"?>
<!-- Generated by org.testng.reporters.JUnitXMLReporter -->
<testsuite hostname="DESKTOP-ACILHS4" ignored="0" name="Default test" tests="6" failures="0" timestamp="24 Aug 2020 05:21:12 GMT" time="4.568" errors="0">
  <testcase name="printToken" time="3.265" classname="com.rupeek.CustomerServiceApp.AuthenticateAPI"/>
  <testcase name="validateAPIWithInvalidInput" time="0.184" classname="com.rupeek.CustomerServiceApp.AuthenticateAPI"/>
  <testcase name="validateAPIWithInvalidInput" time="0.263" classname="com.rupeek.CustomerServiceApp.AuthenticateAPI"/>
  <testcase name="validateAPIWithInvalidInput" time="0.293" classname="com.rupeek.CustomerServiceApp.AuthenticateAPI"/>
  <testcase name="validateAPIWithInvalidInput" time="0.243" classname="com.rupeek.CustomerServiceApp.AuthenticateAPI"/>
  <testcase name="validateAPIWithInvalidInput" time="0.281" classname="com.rupeek.CustomerServiceApp.AuthenticateAPI"/>
</testsuite> <!-- Default test -->
