<?xml version="1.0" encoding="UTF-8"?>
<!-- Generated by org.testng.reporters.JUnitXMLReporter -->
<testsuite hostname="DESKTOP-ACILHS4" ignored="0" name="Default test" tests="6" failures="0" timestamp="24 Aug 2020 05:43:25 GMT" time="6.752" errors="0">
  <testcase name="getUserDetail" time="3.279" classname="com.rupeek.CustomerServiceApp.GetParticularUserDetail"/>
  <testcase name="getUserDetail" time="1.461" classname="com.rupeek.CustomerServiceApp.GetParticularUserDetail"/>
  <testcase name="getUserDetail" time="0.5" classname="com.rupeek.CustomerServiceApp.GetParticularUserDetail"/>
  <testcase name="getUserDetailWithIncorrectToken" time="0.508" classname="com.rupeek.CustomerServiceApp.GetParticularUserDetail"/>
  <testcase name="getUserDetailWithInvalidURI" time="0.521" classname="com.rupeek.CustomerServiceApp.GetParticularUserDetail"/>
  <testcase name="getUserDetailWithIncorrectPhoneNumber" time="0.443" classname="com.rupeek.CustomerServiceApp.GetParticularUserDetail"/>
</testsuite> <!-- Default test -->
